#
# There is insufficient memory for the Java Runtime Environment to continue.
# Native memory allocation (malloc) failed to allocate 1048576 bytes for AllocateHeap
# Possible reasons:
#   The system is out of physical RAM or swap space
#   The process is running with CompressedOops enabled, and the Java Heap may be blocking the growth of the native heap
# Possible solutions:
#   Reduce memory load on the system
#   Increase physical memory or swap space
#   Check if swap backing store is full
#   Decrease Java heap size (-Xmx/-Xms)
#   Decrease number of Java threads
#   Decrease Java thread stack sizes (-Xss)
#   Set larger code cache with -XX:ReservedCodeCacheSize=
#   JVM is running with Unscaled Compressed Oops mode in which the Java heap is
#     placed in the first 4GB address space. The Java Heap base address is the
#     maximum limit for the native heap growth. Please use -XX:HeapBaseMinAddress
#     to set the Java Heap base and to place the Java Heap above 4GB virtual address.
# This output file may be truncated or incomplete.
#
#  Out of Memory Error (t:/workspace/open/src/hotspot/share/memory/allocation.cpp:46), pid=11972, tid=1248
#
# JRE version:  (12.0.2+10) (build )
# Java VM: Java HotSpot(TM) 64-Bit Server VM (12.0.2+10, mixed mode, aot, sharing, tiered, compressed oops, g1 gc, windows-amd64)
# No core dump will be written. Minidumps are not enabled by default on client versions of Windows
#

---------------  S U M M A R Y ------------

Command Line: -Dfile.encoding=Cp1252 main.MainGame

Host: Intel(R) Core(TM) i7-4770 CPU @ 3.40GHz, 8 cores, 15G,  Windows 10 , 64 bit Build 18362 (10.0.18362.329)
Time: Tue Oct 15 17:12:08 2019 SE Asia Standard Time elapsed time: 0 seconds (0d 0h 0m 0s)

---------------  T H R E A D  ---------------

Current thread (0x000001e12c1d8000):  JavaThread "Unknown thread" [_thread_in_vm, id=1248, stack(0x0000006ced800000,0x0000006ced900000)]

Stack: [0x0000006ced800000,0x0000006ced900000]
Native frames: (J=compiled Java code, j=interpreted, Vv=VM code, C=native code)
V  [jvm.dll+0x63aa2a]
V  [jvm.dll+0x78ce1e]
V  [jvm.dll+0x78e4c1]
V  [jvm.dll+0x78eb13]
V  [jvm.dll+0x2627e8]
V  [jvm.dll+0xbcabf]
V  [jvm.dll+0x2f3f29]
V  [jvm.dll+0x2ea907]
V  [jvm.dll+0x767257]
V  [jvm.dll+0x7689f5]
V  [jvm.dll+0x380059]
V  [jvm.dll+0x74b794]
V  [jvm.dll+0x3ef5cd]
V  [jvm.dll+0x3f1471]
C  [jli.dll+0x51cf]
C  [ucrtbase.dll+0x20e72]
C  [KERNEL32.DLL+0x17bd4]
C  [ntdll.dll+0x6ced1]


---------------  P R O C E S S  ---------------

Threads class SMR info:
_java_thread_list=0x00007ff9f9627928, length=0, elements={
}

Java Threads: ( => current thread )

Other Threads:

[error occurred during error reporting (printing all threads), id 0xc0000005, EXCEPTION_ACCESS_VIOLATION (0xc0000005) at pc=0x00007ff9f92a04c7]

VM state:not at safepoint (not fully initialized)

VM Mutex/Monitor currently owned by a thread: None


[error occurred during error reporting (printing compressed oops mode), id 0xc0000005, EXCEPTION_ACCESS_VIOLATION (0xc0000005) at pc=0x00007ff9f92b8097]

GC Heap History (0 events):
No events

Deoptimization events (0 events):
No events

Classes redefined (0 events):
No events

Internal exceptions (0 events):
No events

Events (0 events):
No events


Dynamic libraries:
0x00007ff7aa430000 - 0x00007ff7aa43f000 	C:\Program Files\Java\jdk-12.0.2\bin\javaw.exe
0x00007ffa33ae0000 - 0x00007ffa33cd0000 	C:\WINDOWS\SYSTEM32\ntdll.dll
0x00007ffa333d0000 - 0x00007ffa33482000 	C:\WINDOWS\System32\KERNEL32.DLL
0x00007ffa30e60000 - 0x00007ffa31103000 	C:\WINDOWS\System32\KERNELBASE.dll
0x00007ffa31140000 - 0x00007ffa3123a000 	C:\WINDOWS\System32\ucrtbase.dll
0x00007ff9e5910000 - 0x00007ff9e5926000 	C:\Program Files\Java\jdk-12.0.2\bin\VCRUNTIME140.dll
0x00007ff9e5930000 - 0x00007ff9e5948000 	C:\Program Files\Java\jdk-12.0.2\bin\jli.dll
0x00007ffa339f0000 - 0x00007ffa33a93000 	C:\WINDOWS\System32\ADVAPI32.dll
0x00007ffa32fb0000 - 0x00007ffa3304e000 	C:\WINDOWS\System32\msvcrt.dll
0x00007ffa336f0000 - 0x00007ffa33787000 	C:\WINDOWS\System32\sechost.dll
0x00007ffa331d0000 - 0x00007ffa332f0000 	C:\WINDOWS\System32\RPCRT4.dll
0x00007ffa33790000 - 0x00007ffa33924000 	C:\WINDOWS\System32\USER32.dll
0x00007ffa31a70000 - 0x00007ffa31a91000 	C:\WINDOWS\System32\win32u.dll
0x00007ffa1e130000 - 0x00007ffa1e3b5000 	C:\WINDOWS\WinSxS\amd64_microsoft.windows.common-controls_6595b64144ccf1df_6.0.18362.418_none_e6c6b287130d565d\COMCTL32.dll
0x00007ffa339c0000 - 0x00007ffa339e6000 	C:\WINDOWS\System32\GDI32.dll
0x00007ffa31b90000 - 0x00007ffa31ec6000 	C:\WINDOWS\System32\combase.dll
0x00007ffa30cc0000 - 0x00007ffa30e54000 	C:\WINDOWS\System32\gdi32full.dll
0x00007ffa30c20000 - 0x00007ffa30cbe000 	C:\WINDOWS\System32\msvcp_win.dll
0x00007ffa31af0000 - 0x00007ffa31b70000 	C:\WINDOWS\System32\bcryptPrimitives.dll
0x00007ffa23ae0000 - 0x00007ffa23aea000 	C:\WINDOWS\SYSTEM32\VERSION.dll
0x00007ffa33050000 - 0x00007ffa3307e000 	C:\WINDOWS\System32\IMM32.DLL
0x00007ff9e5860000 - 0x00007ff9e590a000 	C:\Program Files\Java\jdk-12.0.2\bin\msvcp140.dll
0x00007ff9f8b50000 - 0x00007ff9f96c7000 	C:\Program Files\Java\jdk-12.0.2\bin\server\jvm.dll
0x00007ffa33930000 - 0x00007ffa33938000 	C:\WINDOWS\System32\PSAPI.DLL
0x00007ffa2e880000 - 0x00007ffa2e8a4000 	C:\WINDOWS\SYSTEM32\WINMM.dll
0x00007ff9f9c50000 - 0x00007ff9f9c59000 	C:\WINDOWS\SYSTEM32\WSOCK32.dll
0x00007ffa32f20000 - 0x00007ffa32f8f000 	C:\WINDOWS\System32\WS2_32.dll
0x00007ffa2e4b0000 - 0x00007ffa2e4dd000 	C:\WINDOWS\SYSTEM32\WINMMBASE.dll
0x00007ffa31aa0000 - 0x00007ffa31aea000 	C:\WINDOWS\System32\cfgmgr32.dll
0x00007ffa30a50000 - 0x00007ffa30a61000 	C:\WINDOWS\System32\kernel.appcore.dll
0x00007ff9f8b10000 - 0x00007ff9f8b21000 	C:\Program Files\Java\jdk-12.0.2\bin\verify.dll
0x00007ffa21a40000 - 0x00007ffa21c34000 	C:\WINDOWS\SYSTEM32\DBGHELP.DLL
0x00007ffa22150000 - 0x00007ffa2217a000 	C:\WINDOWS\SYSTEM32\dbgcore.DLL
0x00007ff9f8ae0000 - 0x00007ff9f8b06000 	C:\Program Files\Java\jdk-12.0.2\bin\java.dll
0x00007ff9f8ac0000 - 0x00007ff9f8ad7000 	C:\Program Files\Java\jdk-12.0.2\bin\zip.dll
0x00007ff9f8ab0000 - 0x00007ff9f8aba000 	C:\Program Files\Java\jdk-12.0.2\bin\jimage.dll

dbghelp: loaded successfully - version: 4.0.5 - missing functions: none
symbol engine: initialized successfully - sym options: 0x614 - pdb path: .;C:\Program Files\Java\jdk-12.0.2\bin;C:\WINDOWS\SYSTEM32;C:\WINDOWS\WinSxS\amd64_microsoft.windows.common-controls_6595b64144ccf1df_6.0.18362.418_none_e6c6b287130d565d;C:\Program Files\Java\jdk-12.0.2\bin\server

VM Arguments:
jvm_args: -Dfile.encoding=Cp1252 
java_command: main.MainGame
java_class_path (initial): C:\Users\Administrator\Documents\Eclipse\API\KingChess\bin
Launcher Type: SUN_STANDARD

[Global flags]
     intx CICompilerCount                          = 4                                         {product} {ergonomic}
     uint G1ConcRefinementThreads                  = 8                                         {product} {ergonomic}
   size_t G1HeapRegionSize                         = 1048576                                   {product} {ergonomic}
    uintx GCDrainStackTargetSize                   = 64                                        {product} {ergonomic}
   size_t InitialHeapSize                          = 268435456                                 {product} {ergonomic}
   size_t MaxHeapSize                              = 4265607168                                {product} {ergonomic}
   size_t MinHeapDeltaBytes                        = 1048576                                   {product} {ergonomic}
    uintx NonNMethodCodeHeapSize                   = 5836300                                {pd product} {ergonomic}
    uintx NonProfiledCodeHeapSize                  = 122910970                              {pd product} {ergonomic}
    uintx ProfiledCodeHeapSize                     = 122910970                              {pd product} {ergonomic}
    uintx ReservedCodeCacheSize                    = 251658240                              {pd product} {ergonomic}
     bool SegmentedCodeCache                       = true                                      {product} {ergonomic}
     bool UseCompressedClassPointers               = true                                 {lp64_product} {ergonomic}
     bool UseCompressedOops                        = true                                 {lp64_product} {ergonomic}
     bool UseG1GC                                  = true                                      {product} {ergonomic}
     bool UseLargePagesIndividualAllocation        = false                                  {pd product} {ergonomic}

Logging:
Log output configuration:
 #0: stdout all=warning uptime,level,tags
 #1: stderr all=off uptime,level,tags

Environment Variables:
JAVA_HOME=C:\Program Files\Java\jdk-12.0.2
PATH=C:/Program Files/Java/jdk-12.0.2/bin/server;C:/Program Files/Java/jdk-12.0.2/bin;C:\WINDOWS\system32;C:\WINDOWS;C:\WINDOWS\System32\Wbem;C:\WINDOWS\System32\WindowsPowerShell\v1.0\;C:\WINDOWS\System32\OpenSSH\;C:\Program Files\dotnet\;C:\Program Files\Java\jdk-12.0.2\bin;C:\Program Files\Git\cmd;C:\Program Files\nodejs\;C:\Users\Administrator\AppData\Local\Microsoft\WindowsApps;;C:\Users\Administrator\AppData\Local\Programs\Microsoft VS Code\bin;C:\WINDOWS\system32;
USERNAME=Administrator
OS=Windows_NT
PROCESSOR_IDENTIFIER=Intel64 Family 6 Model 60 Stepping 3, GenuineIntel



---------------  S Y S T E M  ---------------

OS: Windows 10 , 64 bit Build 18362 (10.0.18362.329)

CPU:total 8 (initial active 8) (4 cores per cpu, 2 threads per core) family 6 model 60 stepping 3, cmov, cx8, fxsr, mmx, sse, sse2, sse3, ssse3, sse4.1, sse4.2, popcnt, avx, avx2, aes, clmul, erms, lzcnt, ht, tsc, tscinvbit, bmi1, bmi2, fma

Memory: 4k page, system-wide physical 16268M (1463M free)
TotalPageFile size 31705M (AvailPageFile size 9M)
current process WorkingSet (physical memory assigned to process): 9M, peak: 9M
current process commit charge ("private bytes"): 11M, peak: 12M

vm_info: Java HotSpot(TM) 64-Bit Server VM (12.0.2+10) for windows-amd64 JRE (12.0.2+10), built on Jul 16 2019 01:56:17 by "mach5one" with MS VC++ 15.5 (VS2017)

END.
